<?xml version="1.0" encoding="UTF-8"?>
<!-- Generated by org.testng.reporters.JUnitXMLReporter -->
<testsuite ignored="2" hostname="DESKTOP-PDHRC70" failures="0" tests="6" name="Test-firefox" time="313.177" errors="0" timestamp="2024-08-05T16:59:50 IST">
  <testcase classname="com.comcast.crm.contacttest.CreateContactTest" name="createContactSupportDateTest" time="25.758"/>
  <testcase classname="com.comcast.crm.contacttest.CreateContactTest" name="createContactTest" time="23.257"/>
  <testcase classname="com.comcast.crm.contacttest.CreateContactTest" name="createContactWithOrg" time="46.251"/>
  <testcase classname="com.comcast.crm.orgtest.CreateOrganisationTest" name="createOrgTest" time="22.596"/>
  <testcase classname="com.comcast.crm.orgtest.CreateOrganisationTest" name="createOrgWithIndAndType" time="21.138"/>
  <testcase classname="com.comcast.crm.orgtest.CreateOrganisationTest" name="createOrgWithPhone" time="16.888"/>
  <testcase classname="com.comcast.crm.baseutility.BaseClass" name="@AfterSuite confAfterSuite" time="0.0">
    <ignored/>
  </testcase> <!-- @AfterSuite confAfterSuite -->
  <testcase classname="com.comcast.crm.baseutility.BaseClass" name="@BeforeSuite confBeforeSuite" time="0.0">
    <ignored/>
  </testcase> <!-- @BeforeSuite confBeforeSuite -->
</testsuite> <!-- Test-firefox -->
