<?xml version="1.0" encoding="UTF-8"?>
<!-- Generated by org.testng.reporters.JUnitXMLReporter -->
<testsuite ignored="2" hostname="DESKTOP-PDHRC70" failures="0" tests="6" name="Test-chrome" time="281.06" errors="0" timestamp="2024-08-05T16:59:18 IST">
  <testcase classname="com.comcast.crm.contacttest.CreateContactTest" name="createContactSupportDateTest" time="32.19"/>
  <testcase classname="com.comcast.crm.contacttest.CreateContactTest" name="createContactTest" time="26.741"/>
  <testcase classname="com.comcast.crm.contacttest.CreateContactTest" name="createContactWithOrg" time="48.55"/>
  <testcase classname="com.comcast.crm.orgtest.CreateOrganisationTest" name="createOrgTest" time="23.649"/>
  <testcase classname="com.comcast.crm.orgtest.CreateOrganisationTest" name="createOrgWithIndAndType" time="27.831"/>
  <testcase classname="com.comcast.crm.orgtest.CreateOrganisationTest" name="createOrgWithPhone" time="23.102"/>
  <testcase classname="com.comcast.crm.baseutility.BaseClass" name="@BeforeSuite confBeforeSuite" time="0.0">
    <ignored/>
  </testcase> <!-- @BeforeSuite confBeforeSuite -->
  <testcase classname="com.comcast.crm.baseutility.BaseClass" name="@AfterSuite confAfterSuite" time="0.0">
    <ignored/>
  </testcase> <!-- @AfterSuite confAfterSuite -->
</testsuite> <!-- Test-chrome -->
