<?xml version="1.0" encoding="UTF-8"?>
<!-- Generated by org.testng.reporters.JUnitXMLReporter -->
<testsuite ignored="0" hostname="DESKTOP-PDHRC70" failures="0" tests="3" name="Test-2" time="107.772" errors="0" timestamp="2024-08-05T16:53:32 IST">
  <testcase classname="com.comcast.crm.contacttest.CreateContactTest" name="createContactSupportDateTest" time="22.286"/>
  <testcase classname="com.comcast.crm.contacttest.CreateContactTest" name="createContactTest" time="16.522"/>
  <testcase classname="com.comcast.crm.contacttest.CreateContactTest" name="createContactWithOrg" time="28.285"/>
</testsuite> <!-- Test-2 -->
