<?xml version="1.0" encoding="UTF-8"?>
<!-- Generated by org.testng.reporters.JUnitXMLReporter -->
<testsuite ignored="2" hostname="DESKTOP-PDHRC70" failures="0" tests="6" name="Test-edge" time="304.36" errors="0" timestamp="2024-08-05T16:59:41 IST">
  <testcase classname="com.comcast.crm.contacttest.CreateContactTest" name="createContactSupportDateTest" time="33.21"/>
  <testcase classname="com.comcast.crm.contacttest.CreateContactTest" name="createContactTest" time="29.282"/>
  <testcase classname="com.comcast.crm.contacttest.CreateContactTest" name="createContactWithOrg" time="46.506"/>
  <testcase classname="com.comcast.crm.orgtest.CreateOrganisationTest" name="createOrgTest" time="28.781"/>
  <testcase classname="com.comcast.crm.orgtest.CreateOrganisationTest" name="createOrgWithIndAndType" time="25.893"/>
  <testcase classname="com.comcast.crm.orgtest.CreateOrganisationTest" name="createOrgWithPhone" time="17.136"/>
  <testcase classname="com.comcast.crm.baseutility.BaseClass" name="@AfterSuite confAfterSuite" time="0.0">
    <ignored/>
  </testcase> <!-- @AfterSuite confAfterSuite -->
  <testcase classname="com.comcast.crm.baseutility.BaseClass" name="@BeforeSuite confBeforeSuite" time="0.0">
    <ignored/>
  </testcase> <!-- @BeforeSuite confBeforeSuite -->
</testsuite> <!-- Test-edge -->
