<?xml version="1.0" encoding="UTF-8"?>
<!-- Generated by org.testng.reporters.JUnitXMLReporter -->
<testsuite ignored="0" hostname="DESKTOP-PDHRC70" failures="0" tests="3" name="Test-1" time="96.545" errors="0" timestamp="2024-08-05T16:53:21 IST">
  <testcase classname="com.comcast.crm.orgtest.CreateOrganisationTest" name="createOrgTest" time="21.701"/>
  <testcase classname="com.comcast.crm.orgtest.CreateOrganisationTest" name="createOrgWithIndAndType" time="17.603"/>
  <testcase classname="com.comcast.crm.orgtest.CreateOrganisationTest" name="createOrgWithPhone" time="16.328"/>
</testsuite> <!-- Test-1 -->
