<?xml version="1.0" encoding="UTF-8"?>
<!-- Generated by org.testng.reporters.JUnitReportReporter -->
<testsuite hostname="DESKTOP-PDHRC70" failures="0" tests="3" name="sample.testngtest.Create_ProductList_DP_Test" time="108.850" errors="0" timestamp="2024-08-03T19:52:15 IST" skipped="0">
  <testcase classname="sample.testngtest.Create_ProductList_DP_Test" name="productPriceTest" time="48.777"/>
  <system-out/>
  <testcase classname="sample.testngtest.Create_ProductList_DP_Test" name="productPriceTest" time="33.715"/>
  <system-out/>
  <testcase classname="sample.testngtest.Create_ProductList_DP_Test" name="productPriceTest" time="26.358"/>
  <system-out/>
</testsuite> <!-- sample.testngtest.Create_ProductList_DP_Test -->
