<?xml version="1.0" encoding="UTF-8"?>
<!-- Generated by org.testng.reporters.JUnitReportReporter -->
<testsuite hostname="DESKTOP-PDHRC70" failures="0" tests="3" name="sample.testngtest.ClassATest" time="0.014" errors="0" timestamp="2024-08-03T08:19:33 IST" skipped="0">
  <testcase classname="sample.testngtest.ClassATest" name="Atest" time="0.004"/>
  <system-out/>
  <testcase classname="sample.testngtest.ClassATest" name="Ctest" time="0.005"/>
  <system-out/>
  <testcase classname="sample.testngtest.ClassATest" name="Btest" time="0.005"/>
  <system-out/>
</testsuite> <!-- sample.testngtest.ClassATest -->
