<?xml version="1.0" encoding="UTF-8"?>
<!-- Generated by org.testng.reporters.JUnitReportReporter -->
<testsuite hostname="DESKTOP-PDHRC70" failures="0" tests="1" name="sample.testngtest.Sample2" time="16.317" errors="0" timestamp="2024-08-03T15:15:25 IST" skipped="0">
  <testcase classname="sample.testngtest.Sample2" name="ATest" time="16.317"/>
  <system-out/>
</testsuite> <!-- sample.testngtest.Sample2 -->
