<?xml version="1.0" encoding="UTF-8"?>
<!-- Generated by org.testng.reporters.JUnitReportReporter -->
<testsuite hostname="DESKTOP-PDHRC70" failures="0" tests="3" name="sample.testngtest.DataProvidertest" time="0.023" errors="0" timestamp="2024-08-03T08:14:37 IST" skipped="0">
  <testcase classname="sample.testngtest.DataProvidertest" name="sampleTest" time="0.003"/>
  <system-out/>
  <testcase classname="sample.testngtest.DataProvidertest" name="sampleTest" time="0.017"/>
  <system-out/>
  <testcase classname="sample.testngtest.DataProvidertest" name="sampleTest" time="0.003"/>
  <system-out/>
</testsuite> <!-- sample.testngtest.DataProvidertest -->
