<?xml version="1.0" encoding="UTF-8"?>
<!-- Generated by org.testng.reporters.JUnitReportReporter -->
<testsuite hostname="DESKTOP-PDHRC70" failures="0" tests="3" name="sample.testngtest.ClassBTest" time="0.032" errors="0" timestamp="2024-08-03T08:19:33 IST" skipped="0">
  <testcase classname="sample.testngtest.ClassBTest" name="btest" time="0.004"/>
  <system-out/>
  <testcase classname="sample.testngtest.ClassBTest" name="ctest" time="0.009"/>
  <system-out/>
  <testcase classname="sample.testngtest.ClassBTest" name="atest" time="0.019"/>
  <system-out/>
</testsuite> <!-- sample.testngtest.ClassBTest -->
