<?xml version="1.0" encoding="UTF-8"?>
<!-- Generated by org.testng.reporters.JUnitReportReporter -->
<testsuite hostname="DESKTOP-PDHRC70" failures="0" tests="2" name="sample.testngtest.CreateContactTest" time="0.022" errors="0" timestamp="2024-08-02T13:32:50 IST" skipped="0">
  <testcase classname="sample.testngtest.CreateContactTest" name="createContact" time="0.017"/>
  <system-out/>
  <testcase classname="sample.testngtest.CreateContactTest" name="createContactDate" time="0.005"/>
  <system-out/>
</testsuite> <!-- sample.testngtest.CreateContactTest -->
