<?xml version="1.0" encoding="UTF-8"?>
<!-- Generated by org.testng.reporters.JUnitReportReporter -->
<testsuite hostname="DESKTOP-PDHRC70" failures="0" tests="1" name="com.comcast.crm.campaigntest.CreateCampaignTest" time="30.961" errors="0" timestamp="2024-08-03T12:00:12 IST" skipped="0">
  <testcase classname="com.comcast.crm.campaigntest.CreateCampaignTest" name="createCampaignTest" time="30.961"/>
  <system-out/>
</testsuite> <!-- com.comcast.crm.campaigntest.CreateCampaignTest -->
